\BOOKMARK [1][-]{section*.1}{\376\377\004\022\004\022\004\025\004\024\004\025\004\035\004\030\004\025}{}% 1
\BOOKMARK [1][-]{section.1}{\376\377\004\036\004\077\004\070\004\101\004\060\004\075\004\070\004\065\000\040\004\101\004\102\004\100\004\060\004\102\004\065\004\063\004\070\004\071}{}% 2
\BOOKMARK [2][-]{subsection.1.1}{\376\377\004\037\004\100\004\117\004\074\004\060\004\117}{section.1}% 3
\BOOKMARK [2][-]{subsection.1.2}{\376\377\004\027\004\070\004\063\004\067\004\060\004\063\004\076\004\076\004\061\004\100\004\060\004\067\004\075\004\060\004\117\000\040\004\101\004\102\004\100\004\060\004\102\004\065\004\063\004\070\004\117}{section.1}% 4
\BOOKMARK [2][-]{subsection.1.3}{\376\377\004\041\004\077\004\070\004\100\004\060\004\073\004\114\004\075\004\060\004\117}{section.1}% 5
\BOOKMARK [2][-]{subsection.1.4}{\376\377\004\041\004\102\004\100\004\060\004\102\004\065\004\063\004\070\004\117\000\040\004\104\004\073\004\060\004\075\004\063\004\076\004\062\004\076\004\071\000\040\004\060\004\102\004\060\004\072\004\070}{section.1}% 6
\BOOKMARK [2][-]{subsection.1.5}{\376\377\004\041\004\102\004\100\004\060\004\102\004\065\004\063\004\070\004\117\000\040\000R\000a\000n\000d\000o\000m\000\040}{section.1}% 7
\BOOKMARK [2][-]{subsection.1.6}{\376\377\004\041\004\077\004\070\004\100\004\060\004\073\004\114\004\075\004\113\004\071\000\040\004\067\004\070\004\063\004\067\004\060\004\063}{section.1}% 8
\BOOKMARK [1][-]{section.2}{\376\377\004\041\004\100\004\060\004\062\004\075\004\070\004\102\004\065\004\073\004\114\004\075\004\076\004\065\000\040\004\070\004\101\004\101\004\073\004\065\004\064\004\076\004\062\004\060\004\075\004\070\004\065\000\040\004\101\004\102\004\100\004\060\004\102\004\065\004\063\004\070\004\071}{}% 9
\BOOKMARK [2][-]{subsection.2.1}{\376\377\004\020\004\075\004\060\004\073\004\070\004\067\000\040\004\101\004\102\004\100\004\060\004\102\004\065\004\063\004\070\004\071\000\040\004\077\004\100\004\070\000\040\004\064\004\062\004\103\004\105\000\040\004\074\004\070\004\075\004\060\004\105}{section.2}% 10
\BOOKMARK [2][-]{subsection.2.2}{\376\377\004\020\004\075\004\060\004\073\004\070\004\067\000\040\004\101\004\102\004\100\004\060\004\102\004\065\004\063\004\070\004\071\000\040\004\077\004\100\004\070\000\040\004\102\004\100\004\121\004\105\000\040\004\074\004\070\004\075\004\060\004\105}{section.2}% 11
\BOOKMARK [2][-]{subsection.2.3}{\376\377\004\041\004\100\004\060\004\062\004\075\004\070\004\102\004\065\004\073\004\114\004\075\004\113\004\071\000\040\004\060\004\075\004\060\004\073\004\070\004\067\000\040\004\115\004\104\004\104\004\065\004\072\004\102\004\070\004\062\004\075\004\076\004\101\004\102\004\070\000\040\004\101\004\102\004\100\004\060\004\102\004\065\004\063\004\070\004\071}{section.2}% 12
\BOOKMARK [1][-]{section.3}{\376\377\004\035\004\060\004\077\004\100\004\060\004\062\004\073\004\065\004\075\004\070\004\117\000\040\004\064\004\073\004\117\000\040\004\064\004\060\004\073\004\114\004\075\004\065\004\071\004\110\004\070\004\105\000\040\004\070\004\101\004\101\004\073\004\065\004\064\004\076\004\062\004\060\004\075\004\070\004\071}{}% 13
\BOOKMARK [2][-]{subsection.3.1}{\376\377\004\040\004\076\004\065\004\062\004\076\004\071\000\040\004\070\004\075\004\102\004\065\004\073\004\073\004\065\004\072\004\102}{section.3}% 14
\BOOKMARK [2][-]{subsection.3.2}{\376\377\004\040\004\076\004\073\004\065\004\062\004\076\004\065\000\040\004\074\004\076\004\064\004\065\004\073\004\070\004\100\004\076\004\062\004\060\004\075\004\070\004\065\000\040\004\077\004\076\004\062\004\065\004\064\004\065\004\075\004\070\004\117\000\040\004\074\004\070\004\075}{section.3}% 15
\BOOKMARK [2][-]{subsection.3.3}{\376\377\004\037\004\100\004\070\004\074\004\065\004\075\004\065\004\075\004\070\004\065\000\040\004\074\004\065\004\102\004\076\004\064\004\076\004\062\000\040\004\070\004\101\004\072\004\103\004\101\004\101\004\102\004\062\004\065\004\075\004\075\004\076\004\063\004\076\000\040\004\070\004\075\004\102\004\065\004\073\004\073\004\065\004\072\004\102\004\060}{section.3}% 16
\BOOKMARK [2][-]{subsection.3.4}{\376\377\004\034\004\076\004\064\004\065\004\073\004\070\004\100\004\076\004\062\004\060\004\075\004\070\004\065\000\040\004\062\000\040\004\102\004\100\004\121\004\105\004\074\004\065\004\100\004\075\004\076\004\074\000\040\004\077\004\100\004\076\004\101\004\102\004\100\004\060\004\075\004\101\004\102\004\062\004\065}{section.3}% 17
\BOOKMARK [2][-]{subsection.3.5}{\376\377\004\024\004\076\004\077\004\076\004\073\004\075\004\070\004\102\004\065\004\073\004\114\004\075\004\113\004\065\000\040\004\077\004\100\004\065\004\064\004\073\004\076\004\066\004\065\004\075\004\070\004\117}{section.3}% 18
\BOOKMARK [1][-]{section*.15}{\376\377\004\027\004\020\004\032\004\033\004\056\004\047\004\025\004\035\004\030\004\025}{}% 19
\BOOKMARK [1][-]{section*.16}{\376\377\004\041\004\037\004\030\004\041\004\036\004\032\000\040\004\030\004\041\004\037\004\036\004\033\004\054\004\027\004\036\004\022\004\020\004\035\004\035\004\053\004\045\000\040\004\030\004\041\004\042\004\036\004\047\004\035\004\030\004\032\004\036\004\022}{}% 20
